<?xml version="1.0" encoding="UTF-8"?>
<testng-results ignored="0" total="1" passed="1" failed="0" skipped="0">
  <reporter-output>
  </reporter-output>
  <suite started-at="2022-05-17T17:37:28 IST" name="Default suite" finished-at="2022-05-17T17:38:50 IST" duration-ms="82297">
    <groups>
    </groups>
    <test started-at="2022-05-17T17:37:28 IST" name="Default test" finished-at="2022-05-17T17:38:50 IST" duration-ms="82297">
      <class name="Assesment.EditOppurtunityTestNg">
        <test-method signature="EditOpportunity()[pri:0, instance:Assesment.EditOppurtunityTestNg@2f217633]" started-at="2022-05-17T17:37:28 IST" name="EditOpportunity" finished-at="2022-05-17T17:38:50 IST" duration-ms="82260" status="PASS">
          <reporter-output>
          </reporter-output>
        </test-method> <!-- EditOpportunity -->
      </class> <!-- Assesment.EditOppurtunityTestNg -->
    </test> <!-- Default test -->
  </suite> <!-- Default suite -->
</testng-results>
